<?xml version="1.0" encoding="UTF-8"?>
<!-- Generated by org.testng.reporters.JUnitXMLReporter -->
<testsuite hostname="admins-MacBook-Pro.local" name="Default test" tests="1" failures="0" timestamp="26 Jun 2018 10:15:30 GMT" time="0.028" errors="0">
  <testcase name="@BeforeSuite setup" time="0.0" classname="com.zbwx.autotest.ui.LoginTest">
    <failure type="org.testng.TestNGException" message="
Parameter &amp;apos;driverName&amp;apos; is required by @Configuration on method setup but has not been marked @Optional or defined
in /private/var/folders/5j/_2yjcxps4c30vwc5y17wmx380000gn/T/testng-eclipse--1300043492/testng-customsuite.xml">
      <![CDATA[org.testng.TestNGException: 
Parameter 'driverName' is required by @Configuration on method setup but has not been marked @Optional or defined
in /private/var/folders/5j/_2yjcxps4c30vwc5y17wmx380000gn/T/testng-eclipse--1300043492/testng-customsuite.xml
	at org.testng.internal.Parameters.createParameters(Parameters.java:154)
	at org.testng.internal.Parameters.createParameters(Parameters.java:361)
	at org.testng.internal.Parameters.createConfigurationParameters(Parameters.java:84)
	at org.testng.internal.Invoker.invokeConfigurations(Invoker.java:197)
	at org.testng.internal.Invoker.invokeConfigurations(Invoker.java:138)
	at org.testng.SuiteRunner.privateRun(SuiteRunner.java:296)
	at org.testng.SuiteRunner.run(SuiteRunner.java:259)
	at org.testng.SuiteRunnerWorker.runSuite(SuiteRunnerWorker.java:52)
	at org.testng.SuiteRunnerWorker.run(SuiteRunnerWorker.java:86)
	at org.testng.TestNG.runSuitesSequentially(TestNG.java:1185)
	at org.testng.TestNG.runSuitesLocally(TestNG.java:1110)
	at org.testng.TestNG.run(TestNG.java:1018)
	at org.testng.remote.AbstractRemoteTestNG.run(AbstractRemoteTestNG.java:114)
	at org.testng.remote.RemoteTestNG.initAndRun(RemoteTestNG.java:251)
	at org.testng.remote.RemoteTestNG.main(RemoteTestNG.java:77)
]]>
    </failure>
  </testcase> <!-- @BeforeSuite setup -->
  <testcase name="@BeforeClass beforeclass" time="0.0" classname="com.zbwx.autotest.ui.LoginTest">
    <skipped/>
  </testcase> <!-- @BeforeClass beforeclass -->
  <testcase name="login" time="0.006" classname="com.zbwx.autotest.ui.LoginTest">
    <skipped/>
  </testcase> <!-- login -->
</testsuite> <!-- Default test -->
